{"level":"error","message":"Please login to continue","service":"user-service"}
{"level":"error","message":"Please login to continue","service":"user-service"}
{"level":"error","message":"Request not found","service":"user-service"}
{"level":"error","message":"Request not found","service":"user-service"}
{"level":"error","message":"Request not found","service":"user-service"}
{"level":"error","message":"Please login to continue","service":"user-service"}
{"level":"error","message":"Please login to continue","service":"user-service"}
{"level":"error","message":"Request not found","service":"user-service"}
{"level":"error","message":"Request not found","service":"user-service"}
{"level":"error","message":"Request not found","service":"user-service"}
{"level":"error","message":"Request not found","service":"user-service"}
{"level":"error","message":"Request not found","service":"user-service"}
{"level":"error","message":"Your review has already been recorded","service":"user-service"}
{"level":"error","message":"Your review has already been recorded","service":"user-service"}
{"level":"error","message":"Your review has already been recorded","service":"user-service"}
{"level":"error","message":"Your review has already been recorded","service":"user-service"}
{"level":"error","message":"Your review has already been recorded","service":"user-service"}
{"level":"error","message":"Your review has already been recorded","service":"user-service"}
{"level":"error","message":"Your review has already been recorded","service":"user-service"}
{"level":"error","message":"Your review has already been recorded","service":"user-service"}
{"level":"error","message":"Your review has already been recorded","service":"user-service"}
{"level":"error","message":"Request not found","service":"user-service"}
{"level":"error","message":"Your review has already been recorded","service":"user-service"}
{"level":"error","message":"Your review has already been recorded","service":"user-service"}
{"level":"error","message":"Your review has already been recorded","service":"user-service"}
{"level":"error","message":"Your review has already been recorded","service":"user-service"}
{"level":"error","message":"Please login to continue","service":"user-service"}
{"level":"error","message":"Please login to continue","service":"user-service"}
{"level":"error","message":"Request not found","service":"user-service"}
{"level":"error","message":"Request not found","service":"user-service"}
{"level":"error","message":"Request not found","service":"user-service"}
{"level":"error","message":"Please login to continue","service":"user-service"}
{"level":"error","message":"Please login to continue","service":"user-service"}
{"level":"error","message":"Request not found","service":"user-service"}
{"level":"error","message":"Request not found","service":"user-service"}
{"level":"error","message":"Request not found","service":"user-service"}
{"level":"error","message":"Request not found","service":"user-service"}
{"level":"error","message":"Request not found","service":"user-service"}
{"level":"error","message":"Your review has already been recorded","service":"user-service"}
{"level":"error","message":"Your review has already been recorded","service":"user-service"}
{"level":"error","message":"Your review has already been recorded","service":"user-service"}
{"level":"error","message":"Your review has already been recorded","service":"user-service"}
{"level":"error","message":"Your review has already been recorded","service":"user-service"}
{"level":"error","message":"Your review has already been recorded","service":"user-service"}
{"level":"error","message":"Your review has already been recorded","service":"user-service"}
{"level":"error","message":"Your review has already been recorded","service":"user-service"}
{"level":"error","message":"Your review has already been recorded","service":"user-service"}
{"level":"error","message":"Request not found","service":"user-service"}
{"level":"error","message":"Your review has already been recorded","service":"user-service"}
{"level":"error","message":"Your review has already been recorded","service":"user-service"}
{"level":"error","message":"Your review has already been recorded","service":"user-service"}
{"level":"error","message":"Your review has already been recorded","service":"user-service"}
{"level":"error","message":"Please login to continue","service":"user-service"}

{"level":"error","message":"Blood type not found","service":"user-service"}
{"level":"error","message":"Blood type not found","service":"user-service"}
{"level":"error","message":"Blood type not found","service":"user-service"}
{"level":"error","message":"Blood type not found","service":"user-service"}
{"level":"error","message":"You have already submitted a blood request. Please wait 24 hours before submitting another request","service":"user-service"}
{"level":"error","message":"You have already submitted a blood request. Please wait 24 hours before submitting another request","service":"user-service"}
{"level":"error","message":"The request for A+ blood type cannot be placed at this time","service":"user-service"}
{"level":"error","message":"The request for O+ blood type cannot be placed at this time","service":"user-service"}
{"level":"error","message":"The request for O+ blood type cannot be placed at this time","service":"user-service"}
{"level":"error","message":"Please login to continue","service":"user-service"}
{"level":"error","message":"Please login to continue","service":"user-service"}
{"level":"error","message":"Please login to continue","service":"user-service"}
{"level":"error","message":"Please login to continue","service":"user-service"}
{"level":"error","message":"Please login to continue","service":"user-service"}
{"level":"error","message":"Please login to continue","service":"user-service"}
{"level":"error","message":"Please login to continue","service":"user-service"}
{"level":"error","message":"Please login to continue","service":"user-service"}
{"level":"error","message":"Blood bank found","service":"user-service"}
{"level":"error","message":"Blood bank found","service":"user-service"}
{"level":"error","message":"Activate your account by clicking the link in the email","service":"user-service"}
{"level":"error","message":"Role: admin is not allowed to access this resource","service":"user-service"}
{"level":"error","message":"Role: admin is not allowed to access this resource","service":"user-service"}
{"level":"error","message":"Please login to continue","service":"user-service"}
{"level":"error","message":"Please login to continue","service":"user-service"}
{"level":"error","message":"Please login to continue","service":"user-service"}
{"level":"error","message":"Please login to continue","service":"user-service"}
{"level":"error","message":"Please login to continue","service":"user-service"}
{"level":"error","message":"Please login to continue","service":"user-service"}
{"level":"error","message":"Please login to continue","service":"user-service"}
{"level":"error","message":"Please login to continue","service":"user-service"}
{"level":"error","message":"Please login to continue","service":"user-service"}
{"level":"error","message":"Please login to continue","service":"user-service"}
{"level":"error","message":"Please login to continue","service":"user-service"}
{"level":"error","message":"Please login to continue","service":"user-service"}
{"level":"error","message":"Please login to continue","service":"user-service"}
{"level":"error","message":"Please login to continue","service":"user-service"}
{"level":"error","message":"Please login to continue","service":"user-service"}
{"level":"error","message":"Please login to continue","service":"user-service"}
{"level":"error","message":"Invalid email verification link","service":"user-service"}
{"level":"error","message":"We appreciate your willingness to donate blood regularly. To maintain donor eligibility and ensure a healthy blood donation experience, we recommend waiting until Fri Aug 09 2024 13:37:41 GMT+0500 (Pakistan Standard Time) to schedule your next blood donation","service":"user-service"}
{"level":"error","message":"Please login to continue","service":"user-service"}
{"level":"error","message":"Please login to continue","service":"user-service"}
{"level":"error","message":"Please login to continue","service":"user-service"}
{"level":"error","message":"Please login to continue","service":"user-service"}
{"level":"error","message":"Please login to continue","service":"user-service"}
{"level":"error","message":"Please login to continue","service":"user-service"}
{"level":"error","message":"You must make a new blood request or donation before reviewing the blood bank again","service":"user-service"}
{"level":"error","message":"Please login to continue","service":"user-service"}
{"level":"error","message":"Please login to continue","service":"user-service"}
{"level":"error","message":"Please login to continue","service":"user-service"}
{"level":"error","message":"Please login to continue","service":"user-service"}
{"level":"error","message":"You must make a new blood request or donation before reviewing the blood bank again","service":"user-service"}
{"level":"error","message":"You must make a new blood request or donation before reviewing the blood bank again","service":"user-service"}
{"level":"error","message":"Json web token is expired, please try again!","service":"user-service"}
{"level":"error","message":"Json web token is expired, please try again!","service":"user-service"}
{"level":"error","message":"Please login to continue","service":"user-service"}
{"level":"error","message":"Please login to continue","service":"user-service"}
{"level":"error","message":"Please login to continue","service":"user-service"}
{"level":"error","message":"Please login to continue","service":"user-service"}
{"level":"error","message":"Please login to continue","service":"user-service"}
{"level":"error","message":"Please login to continue","service":"user-service"}
{"level":"error","message":"Please login to continue","service":"user-service"}
{"level":"error","message":"Please login to continue","service":"user-service"}
{"level":"error","message":"Please login to continue","service":"user-service"}
{"level":"error","message":"Please login to continue","service":"user-service"}
{"level":"error","message":"Please login to continue","service":"user-service"}
{"level":"error","message":"Please login to continue","service":"user-service"}
{"level":"error","message":"Please login to continue","service":"user-service"}
{"level":"error","message":"Please login to continue","service":"user-service"}
{"level":"error","message":"Please login to continue","service":"user-service"}
{"level":"error","message":"Please login to continue","service":"user-service"}
{"level":"error","message":"Please login to continue","service":"user-service"}
{"level":"error","message":"Please login to continue","service":"user-service"}
{"level":"error","message":"Please login to continue","service":"user-service"}
{"level":"error","message":"Please login to continue","service":"user-service"}
{"level":"error","message":"Please login to continue","service":"user-service"}
{"level":"error","message":"Please login to continue","service":"user-service"}
{"level":"error","message":"Resource not found","service":"user-service"}
{"level":"error","message":"Please login to continue","service":"user-service"}
{"level":"error","message":"Please login to continue","service":"user-service"}
{"level":"error","message":"Please login to continue","service":"user-service"}
{"level":"error","message":"Please login to continue","service":"user-service"}
{"level":"error","message":"Please login to continue","service":"user-service"}
{"level":"error","message":"Please login to continue","service":"user-service"}
{"level":"error","message":"Resource not found","service":"user-service"}
{"level":"error","message":"Resource not found","service":"user-service"}
{"level":"error","message":"Resource not found","service":"user-service"}
{"level":"error","message":"Please login to continue","service":"user-service"}
{"level":"error","message":"Please login to continue","service":"user-service"}
{"level":"error","message":"Please login to continue","service":"user-service"}
{"level":"error","message":"Resource not found","service":"user-service"}
{"level":"error","message":"We appreciate your willingness to donate blood regularly. To maintain donor eligibility and ensure a healthy blood donation experience, we recommend waiting until Mon Aug 12 2024 19:42:18 GMT+0500 (Pakistan Standard Time) to schedule your next blood donation","service":"user-service"}
{"level":"error","message":"Request not found","service":"user-service"}
{"level":"error","message":"Your email or password is incorrect","service":"user-service"}
{"level":"error","message":"Please login to continue","service":"user-service"}
{"level":"error","message":"Please login to continue","service":"user-service"}
{"level":"error","message":"Please login to continue","service":"user-service"}
{"level":"error","message":"Please login to continue","service":"user-service"}
{"level":"error","message":"Please login to continue","service":"user-service"}
{"level":"error","message":"Please login to continue","service":"user-service"}
{"level":"error","message":"Please login to continue","service":"user-service"}
{"level":"error","message":"Please login to continue","service":"user-service"}
{"level":"error","message":"Please login to continue","service":"user-service"}
{"level":"error","message":"Please login to continue","service":"user-service"}
{"level":"error","message":"Please login to continue","service":"user-service"}
{"level":"error","message":"Please login to continue","service":"user-service"}
{"level":"error","message":"Please login to continue","service":"user-service"}
{"level":"error","message":"Please login to continue","service":"user-service"}
{"level":"error","message":"Please login to continue","service":"user-service"}
{"level":"error","message":"Please login to continue","service":"user-service"}
{"level":"error","message":"Please login to continue","service":"user-service"}
{"level":"error","message":"Please login to continue","service":"user-service"}
{"level":"error","message":"Please login to continue","service":"user-service"}
{"level":"error","message":"Please login to continue","service":"user-service"}
{"level":"error","message":"Please login to continue","service":"user-service"}
{"level":"error","message":"Please login to continue","service":"user-service"}
{"level":"error","message":"Invalid email verification link","service":"user-service"}
{"level":"error","message":"Invalid email verification link","service":"user-service"}
{"level":"error","message":"Invalid email verification link","service":"user-service"}
{"level":"error","message":"Invalid email verification link","service":"user-service"}
{"level":"error","message":"Activate your account by clicking the link in the email","service":"user-service"}
{"level":"error","message":"Invalid email verification link","service":"user-service"}
{"level":"error","message":"Invalid email verification link","service":"user-service"}
{"level":"error","message":"Invalid email verification link","service":"user-service"}
{"level":"error","message":"Invalid email verification link","service":"user-service"}
{"level":"error","message":"Invalid email verification link","service":"user-service"}
{"level":"error","message":"Invalid email verification link","service":"user-service"}
{"level":"error","message":"Invalid email verification link","service":"user-service"}
{"level":"error","message":"Invalid email verification link","service":"user-service"}
{"level":"error","message":"Invalid email verification link","service":"user-service"}
{"level":"error","message":"Please login to continue","service":"user-service"}
{"level":"error","message":"Please login to continue","service":"user-service"}
{"level":"error","message":"Please login to continue","service":"user-service"}
{"level":"error","message":"Please login to continue","service":"user-service"}
{"level":"error","message":"Please login to continue","service":"user-service"}
{"level":"error","message":"Please login to continue","service":"user-service"}
{"level":"error","message":"Please login to continue","service":"user-service"}
{"level":"error","message":"Please login to continue","service":"user-service"}
{"level":"error","message":"Please login to continue","service":"user-service"}
{"level":"error","message":"Please login to continue","service":"user-service"}
{"level":"error","message":"Please login to continue","service":"user-service"}
{"level":"error","message":"Please login to continue","service":"user-service"}
{"level":"error","message":"Please login to continue","service":"user-service"}
{"level":"error","message":"Please login to continue","service":"user-service"}
{"level":"error","message":"Please login to continue","service":"user-service"}
{"level":"error","message":"Please login to continue","service":"user-service"}
{"level":"error","message":"Please login to continue","service":"user-service"}
{"level":"error","message":"Please login to continue","service":"user-service"}
{"level":"error","message":"Please login to continue","service":"user-service"}
{"level":"error","message":"Please login to continue","service":"user-service"}
{"level":"error","message":"Please login to continue","service":"user-service"}
{"level":"error","message":"Please login to continue","service":"user-service"}
{"level":"error","message":"Please login to continue","service":"user-service"}
{"level":"error","message":"Please login to continue","service":"user-service"}
{"level":"error","message":"Please login to continue","service":"user-service"}
